C51 COMPILER V9.54   MAIN                                                                  06/17/2023 17:06:35 PAGE 1   


C51 COMPILER V9.54, COMPILATION OF MODULE MAIN
OBJECT MODULE PLACED IN .\Objects\main.obj
COMPILER INVOKED BY: D:\Keilv5\C51\BIN\C51.EXE main.c OPTIMIZE(8,SPEED) BROWSE DEBUG OBJECTEXTEND PRINT(.\Listings\main.
                    -lst) OBJECT(.\Objects\main.obj)

line level    source

   1          #include <REGX52.H>
   2          #define uchar unsigned char
   3          
   4          /*uchar code1 table[] ={
   5                  0x3f,0x06,0x5b,0x4f,
   6                  0x66,0x6d,0x7d,0x07,
   7                  0x7f,0x6f,0x77,0x7c,
   8                  0x39,0x5e,0x79,0x71};*/
   9          
  10          uchar code numberTable[] ={
  11                  0x3f,0x06,0x5b,0x4f,
  12                  0x66,0x6d,0x7d,0x07,
  13                  0x7f,0x6f};
  14          uchar code locationTable[] ={
  15                  0xfe,0xfd,0xfb,0xf7,
  16                  0xef,0xdf};
  17          void ledDisplay(int location,number){
  18   1              //阳极控制显示什么数字
  19   1              P2_6 = 1;//启用U1锁存器跟随状态
  20   1              P0 = numberTable[number];
  21   1              P2_6 = 0;//关闭U1锁存器跟随状态
  22   1              
  23   1              //阴极控制哪个数码管显示
  24   1              P0 = locationTable[location];//第三个数码管显示
  25   1              P2_7 = 1;//确定选位
  26   1      
  27   1      }
  28          
  29          void Delay(unsigned int x)              //@12.000MHz
  30          {
  31   1              while(x >0){
  32   2                      unsigned char i, j;
  33   2                      i = 2;
  34   2                      j = 239;
  35   2                      do
  36   2                      {
  37   3                              while (--j);
  38   3                      } while (--i);
  39   2                      x--;
  40   2              }
  41   1      }
  42          
  43          void main(){
  44   1              int i;
  45   1              int j;
  46   1              for(i = 0;i<6;i++) {
  47   2                      for (j = 0;j<10;j++) {
  48   3                              ledDisplay(i,j);
  49   3                              Delay(500);
  50   3                      }
  51   2              }
  52   1      }


C51 COMPILER V9.54   MAIN                                                                  06/17/2023 17:06:35 PAGE 2   

MODULE INFORMATION:   STATIC OVERLAYABLE
   CODE SIZE        =    121    ----
   CONSTANT SIZE    =     16    ----
   XDATA SIZE       =   ----    ----
   PDATA SIZE       =   ----    ----
   DATA SIZE        =   ----       4
   IDATA SIZE       =   ----    ----
   BIT SIZE         =   ----    ----
END OF MODULE INFORMATION.


C51 COMPILATION COMPLETE.  0 WARNING(S),  0 ERROR(S)
