C51 COMPILER V9.54   MAIN                                                                  06/15/2023 20:13:55 PAGE 1   


C51 COMPILER V9.54, COMPILATION OF MODULE MAIN
OBJECT MODULE PLACED IN .\Objects\main.obj
COMPILER INVOKED BY: D:\Keilv5\C51\BIN\C51.EXE main.c OPTIMIZE(8,SPEED) BROWSE DEBUG OBJECTEXTEND PRINT(.\Listings\main.
                    -lst) TABS(2) OBJECT(.\Objects\main.obj)

line level    source

   1          #include <REGX52.H>
   2          #include <INTRINS.H>
   3          
   4          void Delay1ms(unsigned int x)   //@12.000MHz
   5          {
   6   1        while(x){
   7   2          unsigned char i, j;
   8   2          i = 2;
   9   2          j = 239;
  10   2          do
  11   2          {
  12   3            while (--j);
  13   3          } while (--i);
  14   2          x--;
  15   2        }
  16   1      
  17   1      }
  18          
  19          void main()
  20          {
  21   1        while(1)
  22   1        {
  23   2            P1=0xfe;
  24   2            Delay1ms(10);
  25   2            P1=0xfd;
  26   2            Delay1ms(10);
  27   2          P1=0xfb;
  28   2            Delay1ms(10);
  29   2          P1=0xf7;
  30   2            Delay1ms(10);
  31   2          P1=0xef;
  32   2            Delay1ms(10);
  33   2          P1=0xdf;
  34   2            Delay1ms(10);
  35   2          P1=0xbf;
  36   2            Delay1ms(10);
  37   2          P1=0x7f;
  38   2            Delay1ms(10);
  39   2        }
  40   1      }


MODULE INFORMATION:   STATIC OVERLAYABLE
   CODE SIZE        =     78    ----
   CONSTANT SIZE    =   ----    ----
   XDATA SIZE       =   ----    ----
   PDATA SIZE       =   ----    ----
   DATA SIZE        =   ----       2
   IDATA SIZE       =   ----    ----
   BIT SIZE         =   ----    ----
END OF MODULE INFORMATION.


C51 COMPILATION COMPLETE.  0 WARNING(S),  0 ERROR(S)
