C51 COMPILER V9.54   MAIN                                                                  06/15/2023 21:32:45 PAGE 1   


C51 COMPILER V9.54, COMPILATION OF MODULE MAIN
OBJECT MODULE PLACED IN .\Objects\main.obj
COMPILER INVOKED BY: D:\Keilv5\C51\BIN\C51.EXE main.c OPTIMIZE(8,SPEED) BROWSE DEBUG OBJECTEXTEND PRINT(.\Listings\main.
                    -lst) OBJECT(.\Objects\main.obj)

line level    source

   1          #include <REGX52.H>
   2          
   3          void Delay(unsigned int x)              //@12.000MHz
   4          {
   5   1              while(x >0){
   6   2                      unsigned char i, j;
   7   2                      i = 2;
   8   2                      j = 239;
   9   2                      do
  10   2                      {
  11   3                              while (--j);
  12   3                      } while (--i);
  13   2                      x--;
  14   2              }
  15   1      }
  16          
  17          
  18          void main()
  19          {
  20   1              while(1)
  21   1              {
  22   2                      if(P3_7==0){
  23   3                              Delay(20);//—”≥Ÿ30ms;
  24   3                              while(P3_7==0);//∞¥º¸≤ªÀ… ÷
  25   3                              Delay(20);
  26   3                              P1_0 = ~P1_0;
  27   3                      }
  28   2              }
  29   1      
  30   1      }


MODULE INFORMATION:   STATIC OVERLAYABLE
   CODE SIZE        =     53    ----
   CONSTANT SIZE    =   ----    ----
   XDATA SIZE       =   ----    ----
   PDATA SIZE       =   ----    ----
   DATA SIZE        =   ----       2
   IDATA SIZE       =   ----    ----
   BIT SIZE         =   ----    ----
END OF MODULE INFORMATION.


C51 COMPILATION COMPLETE.  0 WARNING(S),  0 ERROR(S)
