C51 COMPILER V9.54   MAIN                                                                  07/03/2023 21:19:19 PAGE 1   


C51 COMPILER V9.54, COMPILATION OF MODULE MAIN
OBJECT MODULE PLACED IN .\Objects\main.obj
COMPILER INVOKED BY: D:\Keilv5\C51\BIN\C51.EXE main.c OPTIMIZE(8,SPEED) BROWSE DEBUG OBJECTEXTEND PRINT(.\Listings\main.
                    -lst) OBJECT(.\Objects\main.obj)

line level    source

   1          #include <REGX52.H>
   2          #include "MartrixKey.h"
   3          #include "LCD1602.h"
   4          
   5          unsigned char KeyNumber;
   6                  
   7          void main(){
   8   1              LCD_Init();
   9   1              LCD_ShowString(1,1,"Password:");
  10   1              while(1){
  11   2                      KeyNumber = MartrixKey();
  12   2                      if(KeyNumber){
  13   3                              LCD_ShowNum(2,1,KeyNumber,2);
  14   3                      }
  15   2              }
  16   1      }


MODULE INFORMATION:   STATIC OVERLAYABLE
   CODE SIZE        =     40    ----
   CONSTANT SIZE    =     10    ----
   XDATA SIZE       =   ----    ----
   PDATA SIZE       =   ----    ----
   DATA SIZE        =      1    ----
   IDATA SIZE       =   ----    ----
   BIT SIZE         =   ----    ----
END OF MODULE INFORMATION.


C51 COMPILATION COMPLETE.  0 WARNING(S),  0 ERROR(S)
