C51 COMPILER V9.54   MAIN                                                                  06/18/2023 03:14:58 PAGE 1   


C51 COMPILER V9.54, COMPILATION OF MODULE MAIN
OBJECT MODULE PLACED IN .\Objects\main.obj
COMPILER INVOKED BY: D:\Keilv5\C51\BIN\C51.EXE main.c OPTIMIZE(8,SPEED) BROWSE DEBUG OBJECTEXTEND PRINT(.\Listings\main.
                    -lst) OBJECT(.\Objects\main.obj)

line level    source

   1          #include<reg51.h>
   2          #include "LCD1602.h"
   3          #define uchar unsigned char
   4          #define uint unsigned int
   5             
   6          
   7          uchar code Table[]="i love xiaohong!";
   8          uchar code Table1[]="123456789";
   9          uchar num=0;
  10          
  11          void main()
  12          {
  13   1          LCD_Init();
  14   1              LCD_ShowChar(1,1,'A');
  15   1              LCD_ShowNum(1,3,1+100,3);
  16   1              LCD_ShowSignedNum(1,7,-66,2);
  17   1              LCD_ShowHexNum(1,11,0xA8,2);
  18   1              LCD_ShowBinNum(2,1,0xA8,8);
  19   1              LCD_ShowString(2,10,"xx");
  20   1          while(1);
  21   1      }
  22          
  23          
  24          


MODULE INFORMATION:   STATIC OVERLAYABLE
   CODE SIZE        =     83    ----
   CONSTANT SIZE    =     30    ----
   XDATA SIZE       =   ----    ----
   PDATA SIZE       =   ----    ----
   DATA SIZE        =      1    ----
   IDATA SIZE       =   ----    ----
   BIT SIZE         =   ----    ----
END OF MODULE INFORMATION.


C51 COMPILATION COMPLETE.  0 WARNING(S),  0 ERROR(S)
