C51 COMPILER V9.54   MAIN                                                                  06/15/2023 22:14:00 PAGE 1   


C51 COMPILER V9.54, COMPILATION OF MODULE MAIN
OBJECT MODULE PLACED IN .\Objects\main.obj
COMPILER INVOKED BY: D:\Keilv5\C51\BIN\C51.EXE main.c OPTIMIZE(8,SPEED) BROWSE DEBUG OBJECTEXTEND PRINT(.\Listings\main.
                    -lst) OBJECT(.\Objects\main.obj)

line level    source

   1          #include <REGX52.H>
   2          
   3          void Delay(unsigned int x)              //@12.000MHz
   4          {
   5   1              while(x >0){
   6   2                      unsigned char i, j;
   7   2                      i = 2;
   8   2                      j = 239;
   9   2                      do
  10   2                      {
  11   3                              while (--j);
  12   3                      } while (--i);
  13   2                      x--;
  14   2              }
  15   1      }
  16          
  17          
  18          void main()
  19          {
  20   1              unsigned char LEDNum = 0;
  21   1              P1 = ~0x01;
  22   1              while(1)
  23   1              {
  24   2                      if(P3_7==0){
  25   3                              Delay(20);//??30ms;
  26   3                              while(P3_7==0);//?????
  27   3                              Delay(20);//??30ms;
  28   3                              LEDNum++;
  29   3                              if(LEDNum==8){
  30   4                                      LEDNum = 0;
  31   4                              }
  32   3                              P1 = ~(0x01<<LEDNum);//1111 1110;1111 1101;1111 1100   
  33   3                      }
  34   2                      if(P3_6==0){
  35   3                              Delay(20);//??30ms;
  36   3                              while(P3_6==0);//?????
  37   3                              Delay(20);//??30ms;
  38   3                              if(LEDNum==0){
  39   4                                      LEDNum=8;
  40   4                              }else{
  41   4                                      LEDNum--;
  42   4                              }
  43   3                              P1 = ~(0x01<<LEDNum);//1111 1110;1111 1101;1111 1100   
  44   3                      }
  45   2              }
  46   1      
  47   1      }


MODULE INFORMATION:   STATIC OVERLAYABLE
   CODE SIZE        =    106    ----
   CONSTANT SIZE    =   ----    ----
   XDATA SIZE       =   ----    ----
   PDATA SIZE       =   ----    ----
C51 COMPILER V9.54   MAIN                                                                  06/15/2023 22:14:00 PAGE 2   

   DATA SIZE        =   ----       2
   IDATA SIZE       =   ----    ----
   BIT SIZE         =   ----    ----
END OF MODULE INFORMATION.


C51 COMPILATION COMPLETE.  0 WARNING(S),  0 ERROR(S)
