C51 COMPILER V9.54   MAIN                                                                  06/15/2023 21:49:08 PAGE 1   


C51 COMPILER V9.54, COMPILATION OF MODULE MAIN
OBJECT MODULE PLACED IN .\Objects\main.obj
COMPILER INVOKED BY: D:\Keilv5\C51\BIN\C51.EXE main.c OPTIMIZE(8,SPEED) BROWSE DEBUG OBJECTEXTEND PRINT(.\Listings\main.
                    -lst) OBJECT(.\Objects\main.obj)

line level    source

   1          #include <REGX52.H>
   2          
   3          void Delay(unsigned int x)              //@12.000MHz
   4          {
   5   1              while(x >0){
   6   2                      unsigned char i, j;
   7   2                      i = 2;
   8   2                      j = 239;
   9   2                      do
  10   2                      {
  11   3                              while (--j);
  12   3                      } while (--i);
  13   2                      x--;
  14   2              }
  15   1      }
  16          
  17          
  18          void main()
  19          {
  20   1              unsigned char LEDNum = 0;
  21   1              while(1)
  22   1              {
  23   2                      if(P3_7==0){
  24   3                              Delay(20);//ÑÓ³Ù30ms;
  25   3                              while(P3_7==0);//°´¼ü²»ËÉÊÖ
  26   3                              Delay(20);//ÑÓ³Ù30ms;
  27   3                              LEDNum++;//1 -> 0000 0001;2 -> 0000 0010;3 -> 0000 0011
  28   3                              P1 = ~LEDNum;//1111 1110;1111 1101;1111 1100   
  29   3                      }
  30   2              }
  31   1      
  32   1      }


MODULE INFORMATION:   STATIC OVERLAYABLE
   CODE SIZE        =     58    ----
   CONSTANT SIZE    =   ----    ----
   XDATA SIZE       =   ----    ----
   PDATA SIZE       =   ----    ----
   DATA SIZE        =   ----       2
   IDATA SIZE       =   ----    ----
   BIT SIZE         =   ----    ----
END OF MODULE INFORMATION.


C51 COMPILATION COMPLETE.  0 WARNING(S),  0 ERROR(S)
