C51 COMPILER V9.54   MAIN                                                                  06/17/2023 17:38:55 PAGE 1   


C51 COMPILER V9.54, COMPILATION OF MODULE MAIN
OBJECT MODULE PLACED IN .\Objects\main.obj
COMPILER INVOKED BY: D:\Keilv5\C51\BIN\C51.EXE main.c OPTIMIZE(8,SPEED) BROWSE DEBUG OBJECTEXTEND PRINT(.\Listings\main.
                    -lst) OBJECT(.\Objects\main.obj)

line level    source

   1          #include <REGX52.H>
   2          #define uchar unsigned char
   3          
   4          /*uchar code1 table[] ={
   5                  0x3f,0x06,0x5b,0x4f,
   6                  0x66,0x6d,0x7d,0x07,
   7                  0x7f,0x6f,0x77,0x7c,
   8                  0x39,0x5e,0x79,0x71};*/
   9          
  10          uchar code numberTable[] ={
  11                  0x3f,0x06,0x5b,0x4f,
  12                  0x66,0x6d,0x7d,0x07,
  13                  0x7f,0x6f};
  14          uchar code locationTable[] ={
  15                  0xfe,0xfd,0xfb,0xf7,
  16                  0xef,0xdf};
  17          
  18          void Delay(unsigned int x)              //@12.000MHz
  19          {
  20   1              while(x >0){
  21   2                      unsigned char i, j;
  22   2                      i = 2;
  23   2                      j = 239;
  24   2                      do
  25   2                      {
  26   3                              while (--j);
  27   3                      } while (--i);
  28   2                      x--;
  29   2              }
  30   1      }
  31          
  32          void ledDisplay(int location,number){           
  33   1              //阳极控制显示什么数字
  34   1              P2_6 = 1;//启用U1锁存器跟随状态
  35   1              P0 = numberTable[number];
  36   1              P2_6 = 0;//关闭U1锁存器跟随状态
  37   1              
  38   1              //阴极控制哪个数码管显示
  39   1              P0 = locationTable[location];//第三个数码管显示
  40   1              P2_7 = 1;//确定选位
  41   1              
  42   1              //消影
  43   1              Delay(1);
  44   1              P0 = 0x00;
  45   1      }
  46          
  47          
  48          
  49          void main(){
  50   1              while(1){
  51   2                      ledDisplay(0,1);
  52   2                      //Delay(500);
  53   2                      ledDisplay(1,2);
  54   2                      //Delay(500);
C51 COMPILER V9.54   MAIN                                                                  06/17/2023 17:38:55 PAGE 2   

  55   2                      ledDisplay(2,3);
  56   2                      //Delay(500);
  57   2              };
  58   1      }


MODULE INFORMATION:   STATIC OVERLAYABLE
   CODE SIZE        =    102    ----
   CONSTANT SIZE    =     16    ----
   XDATA SIZE       =   ----    ----
   PDATA SIZE       =   ----    ----
   DATA SIZE        =   ----       2
   IDATA SIZE       =   ----    ----
   BIT SIZE         =   ----    ----
END OF MODULE INFORMATION.


C51 COMPILATION COMPLETE.  0 WARNING(S),  0 ERROR(S)
