C51 COMPILER V9.54   DELAY                                                                 06/18/2023 00:30:41 PAGE 1   


C51 COMPILER V9.54, COMPILATION OF MODULE DELAY
OBJECT MODULE PLACED IN .\Objects\Delay.obj
COMPILER INVOKED BY: D:\Keilv5\C51\BIN\C51.EXE Delay.c OPTIMIZE(8,SPEED) BROWSE DEBUG OBJECTEXTEND PRINT(.\Listings\Dela
                    -y.lst) OBJECT(.\Objects\Delay.obj)

line level    source

   1          void Delay(unsigned int x)              //@12.000MHz
   2          {
   3   1              while(x >0){
   4   2                      unsigned char i, j;
   5   2                      i = 2;
   6   2                      j = 239;
   7   2                      do
   8   2                      {
   9   3                              while (--j);
  10   3                      } while (--i);
  11   2                      x--;
  12   2              }
  13   1      }


MODULE INFORMATION:   STATIC OVERLAYABLE
   CODE SIZE        =     29    ----
   CONSTANT SIZE    =   ----    ----
   XDATA SIZE       =   ----    ----
   PDATA SIZE       =   ----    ----
   DATA SIZE        =   ----       2
   IDATA SIZE       =   ----    ----
   BIT SIZE         =   ----    ----
END OF MODULE INFORMATION.


C51 COMPILATION COMPLETE.  0 WARNING(S),  0 ERROR(S)
